         w __deregister_frame_info
         w __gnu_Unwind_Find_exidx
         w __register_frame_info
         w _ITM_deregisterTMCloneTable
         w _ITM_registerTMCloneTable
         w _Jv_RegisterClasses
00000000 a shift
00000000 a shift
00100000 T __start__
00100000 T _start
00100008 T __service_ptr
0010000c T __apt_appid
00100010 T __heap_size
00100014 T __linear_heap_size
00100018 T __system_arglist
0010001c T __system_runflags
00100020 t startup
00100058 t ClearMem
0010006c t ClrLoop
00100094 T _init
001000ac t deregister_tm_clones
001000dc t register_tm_clones
00100114 t __do_global_dtors_aux
00100158 t frame_dummy
001001b4 00000030 T initDescriptor
001001e4 00000064 T freeDescriptor
00100248 00000338 T loadDescriptor
00100580 000000a4 T tinyxml2::XMLDocument::Accept(tinyxml2::XMLVisitor*) const
00100624 00000030 T tinyxml2::XMLText::Accept(tinyxml2::XMLVisitor*) const
00100654 00000030 T tinyxml2::XMLComment::Accept(tinyxml2::XMLVisitor*) const
00100684 00000030 T tinyxml2::XMLDeclaration::Accept(tinyxml2::XMLVisitor*) const
001006b4 00000030 T tinyxml2::XMLUnknown::Accept(tinyxml2::XMLVisitor*) const
001006e4 000000a8 T tinyxml2::XMLElement::Accept(tinyxml2::XMLVisitor*) const
0010078c 00000038 T tinyxml2::StrPair::Reset()
001007c4 00000014 T tinyxml2::StrPair::~StrPair()
001007c4 00000014 T tinyxml2::StrPair::~StrPair()
001007d8 00000038 T tinyxml2::StrPair::TransferTo(tinyxml2::StrPair*)
00100810 00000054 T tinyxml2::StrPair::SetStr(char const*, int)
00100864 0000008c T tinyxml2::StrPair::ParseText(char*, char const*, int)
001008f0 000000a4 T tinyxml2::XMLText::ParseDeep(char*, tinyxml2::StrPair*)
00100994 0000003c T tinyxml2::XMLComment::ParseDeep(char*, tinyxml2::StrPair*)
001009d0 0000003c T tinyxml2::XMLDeclaration::ParseDeep(char*, tinyxml2::StrPair*)
00100a0c 0000003c T tinyxml2::XMLUnknown::ParseDeep(char*, tinyxml2::StrPair*)
00100a48 000000d0 T tinyxml2::StrPair::ParseName(char*)
00100b18 000000d8 T tinyxml2::StrPair::CollapseWhitespace()
00100bf0 00000038 T tinyxml2::XMLUtil::ReadBOM(char const*, bool*)
00100c28 000000f8 T tinyxml2::XMLUtil::ConvertUTF32ToUTF8(unsigned long, char*, int*)
00100d20 00000164 T tinyxml2::XMLUtil::GetCharacterRef(char const*, char*, int*)
00100e84 000001e4 T tinyxml2::StrPair::GetStr()
00101068 00000018 T tinyxml2::XMLUtil::ToStr(int, char*, int)
00101080 00000018 T tinyxml2::XMLUtil::ToStr(unsigned int, char*, int)
00101098 00000018 T tinyxml2::XMLUtil::ToStr(bool, char*, int)
001010b0 00000024 T tinyxml2::XMLUtil::ToStr(float, char*, int)
001010d4 00000020 T tinyxml2::XMLUtil::ToStr(double, char*, int)
001010f4 00000024 T tinyxml2::XMLUtil::ToInt(char const*, int*)
00101118 00000024 T tinyxml2::XMLUtil::ToUnsigned(char const*, unsigned int*)
0010113c 000001b0 T tinyxml2::XMLUtil::ToBool(char const*, bool*)
001012ec 00000024 T tinyxml2::XMLUtil::ToFloat(char const*, float*)
00101310 00000024 T tinyxml2::XMLUtil::ToDouble(char const*, double*)
00101334 00000a64 T tinyxml2::XMLDocument::Identify(char*, tinyxml2::XMLNode**)
00101d98 0000003c T tinyxml2::XMLNode::XMLNode(tinyxml2::XMLDocument*)
00101d98 0000003c T tinyxml2::XMLNode::XMLNode(tinyxml2::XMLDocument*)
00101dd4 00000030 T tinyxml2::XMLNode::Value() const
00101e04 000000e8 T tinyxml2::XMLText::ShallowEqual(tinyxml2::XMLNode const*) const
00101eec 000000e8 T tinyxml2::XMLComment::ShallowEqual(tinyxml2::XMLNode const*) const
00101fd4 000000e8 T tinyxml2::XMLDeclaration::ShallowEqual(tinyxml2::XMLNode const*) const
001020bc 000000e8 T tinyxml2::XMLUnknown::ShallowEqual(tinyxml2::XMLNode const*) const
001021a4 000001b4 T tinyxml2::XMLElement::ShallowEqual(tinyxml2::XMLNode const*) const
00102358 0000002c T tinyxml2::XMLNode::SetValue(char const*, bool)
00102384 00000048 T tinyxml2::XMLNode::Unlink(tinyxml2::XMLNode*)
001023cc 000000f4 T tinyxml2::XMLNode::FirstChildElement(char const*) const
001024c0 000000f4 T tinyxml2::XMLNode::LastChildElement(char const*) const
001025b4 000000e8 T tinyxml2::XMLNode::NextSiblingElement(char const*) const
0010269c 000000e8 T tinyxml2::XMLNode::PreviousSiblingElement(char const*) const
00102784 00000034 T tinyxml2::XMLNode::DeleteNode(tinyxml2::XMLNode*)
001027b8 00000044 T tinyxml2::XMLNode::DeleteChildren()
001027fc 0000003c T tinyxml2::XMLNode::~XMLNode()
001027fc 0000003c T tinyxml2::XMLNode::~XMLNode()
00102838 00000020 T tinyxml2::XMLComment::~XMLComment()
00102838 00000020 T tinyxml2::XMLComment::~XMLComment()
00102858 00000028 T tinyxml2::XMLComment::~XMLComment()
00102880 00000020 T tinyxml2::XMLDeclaration::~XMLDeclaration()
00102880 00000020 T tinyxml2::XMLDeclaration::~XMLDeclaration()
001028a0 00000028 T tinyxml2::XMLDeclaration::~XMLDeclaration()
001028c8 00000020 T tinyxml2::XMLUnknown::~XMLUnknown()
001028c8 00000020 T tinyxml2::XMLUnknown::~XMLUnknown()
001028e8 00000028 T tinyxml2::XMLUnknown::~XMLUnknown()
00102910 0000001c T tinyxml2::XMLNode::~XMLNode()
0010292c 00000008 T tinyxml2::XMLNode::DeleteChild(tinyxml2::XMLNode*)
00102934 00000020 T tinyxml2::XMLNode::InsertChildPreamble(tinyxml2::XMLNode*) const
00102954 00000048 t tinyxml2::XMLNode::InsertEndChild(tinyxml2::XMLNode*) [clone .part.19]
0010299c 0000001c T tinyxml2::XMLNode::InsertEndChild(tinyxml2::XMLNode*)
001029b8 00000290 T tinyxml2::XMLNode::ParseDeep(char*, tinyxml2::StrPair*)
00102c48 00000074 T tinyxml2::XMLNode::InsertAfterChild(tinyxml2::XMLNode*, tinyxml2::XMLNode*)
00102cbc 00000060 T tinyxml2::XMLNode::InsertFirstChild(tinyxml2::XMLNode*)
00102d1c 0000003c T tinyxml2::XMLComment::XMLComment(tinyxml2::XMLDocument*)
00102d1c 0000003c T tinyxml2::XMLComment::XMLComment(tinyxml2::XMLDocument*)
00102d58 0000003c T tinyxml2::XMLDeclaration::XMLDeclaration(tinyxml2::XMLDocument*)
00102d58 0000003c T tinyxml2::XMLDeclaration::XMLDeclaration(tinyxml2::XMLDocument*)
00102d94 0000003c T tinyxml2::XMLUnknown::XMLUnknown(tinyxml2::XMLDocument*)
00102d94 0000003c T tinyxml2::XMLUnknown::XMLUnknown(tinyxml2::XMLDocument*)
00102dd0 00000008 T tinyxml2::XMLAttribute::Name() const
00102dd8 00000008 T tinyxml2::XMLAttribute::Value() const
00102de0 000000dc T tinyxml2::XMLAttribute::ParseDeep(char*, bool)
00102ebc 0000000c T tinyxml2::XMLAttribute::SetName(char const*)
00102ec8 00000030 T tinyxml2::XMLAttribute::QueryIntValue(int*) const
00102ef8 00000030 T tinyxml2::XMLAttribute::QueryUnsignedValue(unsigned int*) const
00102f28 00000028 T tinyxml2::XMLAttribute::QueryBoolValue(bool*) const
00102f50 00000030 T tinyxml2::XMLAttribute::QueryFloatValue(float*) const
00102f80 00000030 T tinyxml2::XMLAttribute::QueryDoubleValue(double*) const
00102fb0 0000000c T tinyxml2::XMLAttribute::SetAttribute(char const*)
00102fbc 0000003c T tinyxml2::XMLAttribute::SetAttribute(int)
00102ff8 0000003c T tinyxml2::XMLAttribute::SetAttribute(unsigned int)
00103034 0000003c T tinyxml2::XMLAttribute::SetAttribute(bool)
00103070 0000003c T tinyxml2::XMLAttribute::SetAttribute(double)
001030ac 00000040 T tinyxml2::XMLAttribute::SetAttribute(float)
001030ec 00000044 T tinyxml2::XMLElement::XMLElement(tinyxml2::XMLDocument*)
001030ec 00000044 T tinyxml2::XMLElement::XMLElement(tinyxml2::XMLDocument*)
00103130 000000d0 T tinyxml2::XMLElement::FindAttribute(char const*) const
00103200 000000d4 T tinyxml2::XMLElement::Attribute(char const*, char const*) const
001032d4 00000048 T tinyxml2::XMLElement::GetText() const
0010331c 00000060 T tinyxml2::XMLElement::QueryIntText(int*) const
0010337c 00000060 T tinyxml2::XMLElement::QueryUnsignedText(unsigned int*) const
001033dc 00000058 T tinyxml2::XMLElement::QueryBoolText(bool*) const
00103434 00000060 T tinyxml2::XMLElement::QueryDoubleText(double*) const
00103494 00000060 T tinyxml2::XMLElement::QueryFloatText(float*) const
001034f4 00000270 T tinyxml2::XMLElement::FindOrCreateAttribute(char const*)
00103764 00000064 T tinyxml2::XMLElement::DeleteAttribute(tinyxml2::XMLAttribute*)
001037c8 00000044 T tinyxml2::XMLElement::~XMLElement()
001037c8 00000044 T tinyxml2::XMLElement::~XMLElement()
0010380c 0000001c T tinyxml2::XMLElement::~XMLElement()
00103828 00000118 T tinyxml2::XMLElement::DeleteAttribute(char const*)
00103940 000002bc T tinyxml2::XMLElement::ParseAttributes(char*)
00103bfc 000000b4 T tinyxml2::XMLElement::ParseDeep(char*, tinyxml2::StrPair*)
00103cb0 00000124 T tinyxml2::XMLDocument::XMLDocument(bool, tinyxml2::Whitespace)
00103cb0 00000124 T tinyxml2::XMLDocument::XMLDocument(bool, tinyxml2::Whitespace)
00103dd4 00000038 T tinyxml2::XMLDocument::Clear()
00103e0c 000001c8 T tinyxml2::XMLDocument::~XMLDocument()
00103e0c 000001c8 T tinyxml2::XMLDocument::~XMLDocument()
00103fd4 0000001c T tinyxml2::XMLDocument::~XMLDocument()
00103ff0 00000170 T tinyxml2::XMLDocument::NewElement(char const*)
00104160 00000078 T tinyxml2::XMLElement::ShallowClone(tinyxml2::XMLDocument*) const
001041d8 00000168 T tinyxml2::XMLDocument::NewComment(char const*)
00104340 00000020 T tinyxml2::XMLComment::ShallowClone(tinyxml2::XMLDocument*) const
00104360 00000164 T tinyxml2::XMLDocument::NewText(char const*)
001044c4 0000002c T tinyxml2::XMLText::ShallowClone(tinyxml2::XMLDocument*) const
001044f0 000000a4 T tinyxml2::XMLElement::SetText(char const*)
00104594 00000038 T tinyxml2::XMLElement::SetText(int)
001045cc 00000038 T tinyxml2::XMLElement::SetText(unsigned int)
00104604 00000038 T tinyxml2::XMLElement::SetText(bool)
0010463c 0000003c T tinyxml2::XMLElement::SetText(float)
00104678 00000038 T tinyxml2::XMLElement::SetText(double)
001046b0 00000174 T tinyxml2::XMLDocument::NewDeclaration(char const*)
00104824 00000020 T tinyxml2::XMLDeclaration::ShallowClone(tinyxml2::XMLDocument*) const
00104844 00000168 T tinyxml2::XMLDocument::NewUnknown(char const*)
001049ac 00000020 T tinyxml2::XMLUnknown::ShallowClone(tinyxml2::XMLDocument*) const
001049cc 00000038 T tinyxml2::XMLDocument::DeleteNode(tinyxml2::XMLNode*)
00104a04 00000010 T tinyxml2::XMLDocument::SetError(tinyxml2::XMLError, char const*, char const*)
00104a14 00000014 T tinyxml2::XMLDocument::ErrorName() const
00104a28 000000b4 T tinyxml2::XMLDocument::PrintError() const
00104adc 0000007c T tinyxml2::XMLDocument::Parse()
00104b58 000000f0 T tinyxml2::XMLDocument::LoadFile(__sFILE*)
00104c48 0000005c T tinyxml2::XMLDocument::LoadFile(char const*)
00104ca4 000001b4 T tinyxml2::XMLDocument::Parse(char const*, unsigned int)
00104e58 0000004c T KHAX::MemChunkHax::Step7a_PatchPID()
00104ea4 00000050 T KHAX::MemChunkHax::Step7b_UnpatchPID()
00104ef4 00000040 T KHAX::VersionData::ConvertLinearUserVAToKernelVA(void*) const
00104f34 00000044 T KHAX::MemChunkHax::Step1_Initialize()
00104f78 00000128 T KHAX::MemChunkHax::Step2_AllocateMemory()
001050a0 0000011c T KHAX::MemChunkHax::Step3_SurroundFree()
001051bc 000000b8 T KHAX::MemChunkHax::Step6_ExecuteSVCCode()
00105274 0000002c T KHAX::MemChunkHax::Step6c_UndoCreateThreadPatch()
001052a0 00000048 T KHAX::MemChunkHax::Step6d_FixHeapCorruption()
001052e8 00000060 T KHAX::MemChunkHax::Step6e_GrantSVCAccess()
00105348 00000060 T KHAX::MemChunkHax::Step6b_SVCEntryPoint()
001053a8 00000018 T KHAX::MemChunkHax::Step6a_SVCEntryPointThunk()
001053c0 00000018 T KHAX::MemChunkHax::Step6f_FlushCaches()
001053d8 000000f0 T KHAX::MemChunkHax::Step7_GrantServiceAccess()
001054c8 000000f8 T KHAX::MemChunkHax::~MemChunkHax()
001054c8 000000f8 T KHAX::MemChunkHax::~MemChunkHax()
001055c0 0000007c T KHAX::IsNew3DS(bool*, unsigned long)
0010563c 00000090 T KHAX::VersionData::GetForCurrentSystem()
001056cc 0000004c T KHAX::NukeDataCache()
00105718 000000ac T KHAX::GSPwn(void*, void const*, unsigned int, bool)
001057c4 00000180 T KHAX::MemChunkHax::Step4_VerifyExpectedLayout()
00105944 0000015c T KHAX::MemChunkHax::Step5_CorruptCreateThread()
00105aa0 00000148 T khaxInit
00105be8 00000008 T khaxExit
00105bf0 00000020 t launchFile_1x
00105c10 00000088 t launchFile_2x
00105c98 00000024 T isNinjhax2
00105cbc 00000338 T bootApp
00105ff4 000000d8 T configCreate
001060cc 000002d4 T configInit
001063a0 00000034 T configWrite
001063d4 000000dc T configAddEntry
001064b0 00000104 T configUpdateSettings
001065b4 00000030 T configExit
001065e4 00000088 T configRemoveEntry
0010666c 00000028 T drawPixel
00106694 0000015c T drawLine
001067f0 000000c8 T drawRect
001068b8 000000b4 T drawFillRect
0010696c 0000006c T gfxDrawText
001069d8 00000074 T gfxDrawTextf
00106a4c 00000074 T gfxDrawTextN
00106ac0 00000110 T gfxDrawSprite
00106bd0 00000078 T gfxDrawDualSprite
00106c48 0000016c T gfxDrawSpriteAlpha
00106db4 000001b8 T gfxDrawSpriteAlphaBlend
00106f6c 000001d4 T gfxDrawSpriteAlphaBlendFade
00107140 00000070 T gfxFillColor
001071b0 00000160 T gfxFillColorGradient
00107310 0000013c T _gfxDrawRectangle
0010744c 00000028 T gfxDrawRectangle
00107474 000000b8 T gfxFadeScreen
0010752c 00000258 T gfxDrawWave
00107784 0000002c T gfxClearColor
001077b0 00000050 T gfxClear
00107800 0000001c T gfxSwap
0010781c 0000004c T load_3dsx
00107868 00000168 T load_bin
001079d0 0000008c T load
00107a5c 00000060 T autoBootFix
00107abc 00000544 T menu_boot
00108000 000000a4 T keyLeft
001080a4 000000a4 T keyRight
00108148 00000430 T menu_config
00108578 00000058 T menu_choose
001085d0 00000394 T menu_more
00108964 0000003c t set_socket_nonblocking
001089a0 00000020 T netloader_draw_error
001089c0 00000058 T netloader_init
00108a18 00000064 T netloader_deactivate
00108a7c 000001f0 T netloader_activate
00108c6c 000000a8 t recvall.constprop.1
00108d14 00000504 T load3DSX
00109218 00000160 T netloader_loop
00109378 00000014 T netloader_exit
0010938c 0000011c T menu_netloader
001094a8 00000034 T alphasort
001094dc 0000004c T end_with
00109528 00000028 T get_filename_ext
00109550 0000024c T get_dir
0010979c 000005cc T pick_file
00109d68 00000034 T initMetadata
00109d9c 00000268 T scan3dsx
0010a004 00000064 T scanExecutable
0010a068 000000dc T scanMenuEntry
0010a144 000001ec T drawCharacter
0010a330 00000060 T getStringLength
0010a390 0000019c T drawStringN
0010a52c 00000054 T drawString
0010a580 00000054 T openSDArchive
0010a5d4 00000010 T closeSDArchive
0010a5e4 00000014 T svcSleep
0010a5f8 00000110 T get_button
0010a708 000000b0 T debug
0010a7b8 00000114 T confirm
0010a8cc 00000098 T fileExists
0010a964 00000004 T load_homemenu
0010a968 00000020 T reboot
0010a988 0000009c T poweroff
0010aa24 0000002c T brahma_init
0010aa50 00000024 T brahma_exit
0010aa74 00000014 T redirect_codeflow
0010aa88 000000e0 T get_exploit_data
0010ab68 0000003c T setup_exploit_data
0010aba4 000002a4 T recv_arm9_payload
0010ae48 000000a8 T load_arm9_payload
0010aef0 00000060 T load_arm9_payload_from_mem
0010af50 00000044 T map_arm9_payload
0010af94 0000006c T map_arm11_payload
0010b000 0000007c T exploit_arm9_race_condition
0010b07c 00000054 T priv_firm_reboot
0010b0d0 00000040 T firm_reboot
0010b110 T arm11_start
0010b118 t hook1
0010b174 t var_44836
0010b178 t hook2
0010b190 t hijack_arm9
0010b1b4 t wait_arm9_loop
0010b1c8 t wait_arm11_loop
0010b1d8 t pa_hijack_arm9_dst
0010b1dc t pa_arm11_code
0010b1e0 t pa_pxi_regs
0010b1e4 t some_pxi_cmd
0010b1e8 t pa_firm_header
0010b1ec t pa_arm9_payload
0010b1f0 t pa_io_mem
0010b1f4 t copy_mem
0010b1f4 t hijack_arm9_end
0010b21c t loc_FFFF0AA0
0010b224 t loc_FFFF0AA8
0010b23c t locret_FFFF0AC0
0010b240 t busy_spin
0010b250 t pdn_send
0010b25c t pxi_send
0010b260 t loc_1020D0
0010b274 t pxi_recv
0010b278 t loc_1020FC
0010b28c t pxi_sync
0010b2a0 T arm11_end
0010b2a0 T arm11_globals_start
0010b2a0 t va_pdn_regs
0010b2a4 t va_pxi_regs
0010b2a8 t va_hook1_ret
0010b2ac T arm11_globals_end
0010b2b0 T InvalidateEntireInstructionCache
0010b2bc T CleanEntireDataCache
0010b2c8 T DisableInterrupts
0010b2d4 T EnableInterrupts
0010b2e0 00000118 t __config_list_search
0010b3f8 000005b0 t __config_write_value
0010b9a8 00000128 t __config_write_setting
0010bad0 00000504 t __config_write_setting.constprop.10
0010bfd4 000004bc t __config_setting_destroy
0010c490 000001b0 t __config_read
0010c640 0000000c T config_read
0010c64c 00000010 T config_read_string
0010c65c 0000000c T config_write
0010c668 0000009c T config_read_file
0010c704 00000064 T config_write_file
0010c768 0000005c T config_destroy
0010c7c4 00000044 T config_init
0010c808 00000018 T config_set_auto_convert
0010c820 0000000c T config_get_auto_convert
0010c82c 00000008 T config_set_options
0010c834 00000008 T config_get_options
0010c83c 00000080 T config_setting_get_int
0010c8bc 0000005c T config_setting_get_int64
0010c918 000000b4 T config_setting_lookup_int
0010c9cc 000000a4 T config_setting_lookup_int64
0010ca70 00000078 T config_setting_get_float
0010cae8 000000b0 T config_setting_lookup_float
0010cb98 0000004c T config_setting_lookup_string
0010cbe4 0000004c T config_setting_lookup_bool
0010cc30 00000060 T config_setting_set_int
0010cc90 000000b0 T config_setting_set_int64
0010cd40 000000a0 T config_setting_set_float
0010cde0 00000014 T config_setting_get_bool
0010cdf4 00000030 T config_setting_set_bool
0010ce24 00000014 T config_setting_get_string
0010ce38 00000058 T config_setting_set_string
0010ce90 00000030 T config_setting_set_format
0010cec0 00000018 T config_setting_get_format
0010ced8 0000010c T config_setting_lookup
0010cfe4 00000008 T config_lookup
0010cfec 00000034 T config_lookup_string
0010d020 000000a8 T config_lookup_int
0010d0c8 00000098 T config_lookup_int64
0010d160 000000a0 T config_lookup_float
0010d200 00000034 T config_lookup_bool
0010d234 000000c0 T config_setting_get_int_elem
0010d2f4 00000198 T config_setting_set_int_elem
0010d48c 000000a4 T config_setting_get_int64_elem
0010d530 000001d4 T config_setting_set_int64_elem
0010d704 000000bc T config_setting_get_float_elem
0010d7c0 000001c8 T config_setting_set_float_elem
0010d988 00000068 T config_setting_get_bool_elem
0010d9f0 00000164 T config_setting_set_bool_elem
0010db54 00000068 T config_setting_get_string_elem
0010dbbc 00000180 T config_setting_set_string_elem
0010dd3c 00000048 T config_setting_get_elem
0010dd84 00000020 T config_setting_get_member
0010dda4 00000008 T config_set_destructor
0010ddac 00000024 T config_set_include_dir
0010ddd0 0000002c T config_setting_length
0010ddfc 00000008 T config_setting_set_hook
0010de04 000001c4 T config_setting_add
0010dfc8 0000008c T config_setting_remove
0010e054 0000008c T config_setting_remove_elem
0010e0e0 00000060 T config_setting_index
0010e140 00000028 t yy_fatal_error.isra.0
0010e168 0000016c T libconfig_yy_switch_to_buffer
0010e2d4 0000010c T libconfig_yy_create_buffer
0010e3e0 00000218 T libconfig_yyrestart
0010e5f8 00001558 T libconfig_yylex
0010fb50 0000005c T libconfig_yy_delete_buffer
0010fbac 0000007c T libconfig_yy_flush_buffer
0010fc28 0000018c T libconfig_yypush_buffer_state
0010fdb4 000000b4 T libconfig_yypop_buffer_state
0010fe68 000001dc T libconfig_yy_scan_buffer
00110044 000000d4 T libconfig_yy_scan_string
00110118 000000d0 T libconfig_yy_scan_bytes
001101e8 00000008 T libconfig_yyget_extra
001101f0 00000028 T libconfig_yyget_lineno
00110218 00000028 T libconfig_yyget_column
00110240 00000008 T libconfig_yyget_in
00110248 00000008 T libconfig_yyget_out
00110250 00000008 T libconfig_yyget_leng
00110258 00000008 T libconfig_yyget_text
00110260 00000008 T libconfig_yyset_extra
00110268 00000030 T libconfig_yyset_lineno
00110298 00000030 T libconfig_yyset_column
001102c8 00000008 T libconfig_yyset_in
001102d0 00000008 T libconfig_yyset_out
001102d8 00000008 T libconfig_yyget_debug
001102e0 00000008 T libconfig_yyset_debug
001102e8 00000008 T libconfig_yyget_lval
001102f0 00000008 T libconfig_yyset_lval
001102f8 00000098 T libconfig_yylex_init
00110390 000000a0 T libconfig_yylex_init_extra
00110430 00000124 T libconfig_yylex_destroy
00110554 00000004 T libconfig_yyalloc
00110558 00000004 T libconfig_yyrealloc
0011055c 00000004 T libconfig_yyfree
00110560 00000030 T libconfig_yyerror
00110590 000008ec T libconfig_yyparse
00110e7c 000000c0 T scanctx_init
00110f3c 00000054 T scanctx_cleanup
00110f90 000001d8 T scanctx_push_include
00111168 00000038 T scanctx_pop_include
001111a0 00000024 T scanctx_take_string
001111c4 00000018 T scanctx_current_filename
001111dc 00000048 T strbuf_release
00111224 00000074 T strbuf_append
00111298 00000024 t addrMapNodeComparator(rbtree_node const*, rbtree_node const*)
001112bc 00000004 t addrMapNodeDestructor(rbtree_node*)
001112c0 00000140 T linearMemAlign
00111400 00000008 T linearAlloc
00111408 00000008 T linearRealloc
00111410 00000050 T linearFree
00111460 0000000c T linearSpaceFree
0011146c 000000a0 T MemPool::CoalesceRight(MemBlock*)
0011150c 00000188 T MemPool::Allocate(MemChunk&, unsigned long, int)
00111694 00000104 T MemPool::Deallocate(MemChunk const&)
00111798 00000030 T MemPool::GetFreeSpace()
001117c8 0000008c t gfxSetFramebufferInfo.part.0
00111854 00000010 T gfxSet3D
00111864 00000018 T gfxSetScreenFormat
0011187c 00000018 T gfxGetScreenFormat
00111894 00000014 T gfxSetDoubleBuffering
001118a8 00000070 T gfxSetFramebufferInfo
00111918 000000c4 T gfxWriteFramebufferInfo
001119dc 000001e0 T gfxInit
00111bbc 00000010 T gfxInitDefault
00111bcc 000000ec T gfxExit
00111cb8 000000b0 T gfxGetFramebuffer
00111d68 000000dc T gfxFlushBuffers
00111e44 00000074 T gfxSwapBuffers
00111eb8 0000005c T gfxSwapBuffersGpu
00111f18 00000058 t getSysTime
00111f70 0000004c T osConvertVirtToPhys
00111fbc 00000020 T osConvertOldLINEARMemToNew
00111fdc 000000f8 T __libctru_gtod
001120d4 00000074 T osGetTime
00112148 00000014 T osGetFirmVersion
0011215c 00000014 T osGetKernelVersion
00112170 00000020 T osStrError
00112190 00000010 T osGetWifiStrength
001121a0 00000034 T __ctru_speedup_config
001121d4 00000010 T osSetSpeedupEnable
001121e8 00000010 t sdmc_link
001121f8 00000010 t sdmc_dirreset
00112208 00000010 t sdmc_chmod
00112218 00000010 t sdmc_fchmod
00112228 00000024 t error_cmp
0011224c 00000050 t sdmc_translate_error
0011229c 00000030 t sdmc_fsync
001122cc 00000050 t sdmc_ftruncate
0011231c 000000c0 t sdmc_statvfs
001123dc 00000034 t sdmc_dirclose
00112410 000000dc t sdmc_dirnext
001124ec 00000030 t sdmc_close
0011251c 0000006c t sdmc_fstat
00112588 000000bc t sdmc_seek
00112644 00000090 t sdmc_read
001126d4 0000010c t sdmc_write
001127e0 000001a8 t sdmc_utf16path
00112988 00000080 t sdmc_rmdir
00112a08 0000009c t sdmc_diropen
00112aa4 000000a8 t sdmc_chdir
00112b4c 00000080 t sdmc_mkdir
00112bcc 0000013c t sdmc_rename
00112d08 00000080 t sdmc_unlink
00112d88 00000134 t sdmc_stat
00112ebc 000001a8 t sdmc_open
00113064 00000130 T sdmcInit
00113194 00000050 T sdmcExit
001131e4 00000098 T __get_handle_from_list
0011327c 00000054 T __destroy_handle_list
001132d0 00000028 T srvExit
001132f8 0000000c T srvGetSessionHandle
00113304 00000038 T srvRegisterClient
0011333c 00000068 T srvInit
001133a4 00000080 T srvGetServiceHandle
00113424 0000005c T srvRegisterService
00113480 0000004c T srvUnregisterService
001134cc 00000054 T srvPmInit
00113520 00000048 T srvRegisterProcess
00113568 00000034 T srvUnregisterProcess
0011359c 00000034 T acInit
001135d0 00000010 T acExit
001135e0 00000054 T ACU_CreateDefaultConfig
00113634 00000064 T ACU_cmd26
00113698 00000040 T ACU_GetWifiStatus
001136d8 00000060 T ACU_WaitInternetConnection
00113738 0000006c T amInit
001137a4 00000010 T amExit
001137b4 0000000c T amGetSessionHandle
001137c0 00000040 T AM_GetTitleCount
00113800 00000048 T AM_GetTitleIdList
00113848 0000005c T AM_ListTitles
001138a4 00000038 T AM_GetDeviceId
001138dc 00000040 T AM_StartCiaInstall
0011391c 0000003c T AM_StartDlpChildCiaInstall
00113958 00000040 T AM_CancelCIAInstall
00113998 00000040 T AM_FinishCiaInstall
001139d8 0000003c T AM_DeleteTitle
00113a14 0000003c T AM_DeleteAppTitle
00113a50 00000030 T AM_InstallNativeFirm
00113a80 00000064 T AM_GetTitleProductCode
00113ae4 00000084 T AM_GetCiaFileInfo
00113b68 00000064 t __apt_initservicehandle
00113bcc 00000004 W _aptDebug
00113bd0 000000b0 T aptInitCaptureInfo
00113c80 00000028 T aptWaitStatusEvent
00113ca8 00000038 T aptHook
00113ce0 0000002c T aptUnhook
00113d0c 00000038 T aptGetStatus
00113d44 00000070 T aptSetStatus
00113db4 00000038 T aptGetStatusPower
00113dec 00000038 T aptSetStatusPower
00113e24 00000024 T aptOpenSession
00113e48 00000028 T aptCloseSession
00113e70 00000010 T aptSignalReadyForSleep
00113e80 00000050 T APT_GetLockHandle
00113ed0 00000068 T APT_Initialize
00113f38 0000003c T APT_Finalize
00113f74 00000034 T APT_HardwareResetAsync
00113fa8 0000003c T APT_Enable
00113fe4 00000080 T APT_GetAppletManInfo
00114064 0000003c T aptGetMenuAppID
001140a0 00000098 T APT_GetAppletInfo
00114138 00000054 T APT_GetAppletProgramInfo
0011418c 00000070 T APT_GetProgramID
001141fc 00000050 T APT_IsRegistered
0011424c 00000050 T APT_InquireNotification
0011429c 00000034 T APT_PrepareToJumpToHomeMenu
001142d0 00000050 T APT_JumpToHomeMenu
00114320 0000003c T APT_PrepareToJumpToApplication
0011435c 00000050 T APT_JumpToApplication
001143ac 0000003c T APT_NotifyToWait
001143e8 00000088 T APT_AppletUtility
00114470 00000120 T aptAppletUtility_Exit_RetToApp
00114590 00000044 T aptAppletClosed
001145d4 000000cc t aptAppStarted
001146a0 000001c8 T aptInit
00114868 00000074 T APT_GlanceParameter
001148dc 00000074 T APT_ReceiveParameter
00114950 00000070 T APT_SendParameter
001149c0 0000004c T APT_SendCaptureBufferInfo
00114a0c 000001d4 T aptReturnToMenu
00114be0 00000040 T APT_ReplySleepQuery
00114c20 0000003c T APT_ReplySleepNotificationComplete
00114c5c 00000304 T aptEventHandler
00114f60 0000003c T APT_PrepareToCloseApplication
00114f9c 00000058 T APT_CloseApplication
00114ff4 000001ec T aptExit
001151e0 00000044 T APT_SetAppCpuTimeLimit
00115224 00000054 T APT_GetAppCpuTimeLimit
00115278 0000005c T APT_CheckNew3DS_Application
001152d4 0000005c T APT_CheckNew3DS_System
00115330 00000074 T APT_CheckNew3DS
001153a4 0000004c T APT_PrepareToDoAppJump
001153f0 00000068 T APT_DoAppJump
00115458 0000003c T APT_PrepareToStartLibraryApplet
00115494 00000060 T APT_StartLibraryApplet
001154f4 00000104 T aptAppletStarted
001155f8 00000178 T aptMainLoop
00115770 00000198 T APT_LaunchLibraryApplet
00115908 0000003c T APT_PrepareToStartSystemApplet
00115944 00000060 T APT_StartSystemApplet
001159a4 0000002c T FS_makePath
001159d0 00000024 T fsExit
001159f4 0000000c T fsGetSessionHandle
00115a00 00000074 T FSUSER_Initialize
00115a74 0000006c T fsInit
00115ae0 000000ac T FSUSER_OpenFile
00115b8c 000000cc T FSUSER_OpenFileDirectly
00115c58 00000088 T FSUSER_DeleteFile
00115ce0 000000c4 T FSUSER_RenameFile
00115da4 00000088 T FSUSER_DeleteDirectory
00115e2c 00000088 T FSUSER_DeleteDirectoryRecursively
00115eb4 00000098 T FSUSER_CreateFile
00115f4c 0000008c T FSUSER_CreateDirectory
00115fd8 000000c4 T FSUSER_RenameDirectory
0011609c 00000094 T FSUSER_OpenDirectory
00116130 00000088 T FSUSER_OpenArchive
001161b8 00000058 T FSUSER_CloseArchive
00116210 0000007c T FSUSER_GetSdmcArchiveResource
0011628c 0000007c T FSUSER_GetNandArchiveResource
00116308 0000004c T FSUSER_IsSdmcDetected
00116354 0000004c T FSUSER_GetMediaType
001163a0 0000004c T FSUSER_IsSdmcWritable
001163ec 00000044 T FSFILE_Close
00116430 0000005c T FSFILE_Read
0011648c 00000064 T FSFILE_Write
001164f0 00000040 T FSFILE_GetSize
00116530 0000002c T FSFILE_SetSize
0011655c 00000038 T FSFILE_GetAttributes
00116594 00000028 T FSFILE_SetAttributes
001165bc 00000024 T FSFILE_Flush
001165e0 00000054 T FSDIR_Read
00116634 00000044 T FSDIR_Close
00116678 000000e4 t gspEventThreadMain
0011675c 00000014 T gspInit
00116770 00000018 T gspExit
00116788 000000cc T gspInitEventHandler
00116854 00000058 T gspExitEventHandler
001168ac 00000058 T gspWaitForEvent
00116904 00000070 T GSPGPU_WriteHWRegs
00116974 0000008c T GSPGPU_WriteHWRegsWithMask
00116a00 00000070 T GSPGPU_ReadHWRegs
00116a70 00000074 T GSPGPU_SetBufferSwap
00116ae4 00000054 T GSPGPU_FlushDataCache
00116b38 00000054 T GSPGPU_InvalidateDataCache
00116b8c 0000003c T GSPGPU_SetLcdForceBlack
00116bc8 00000034 T GSPGPU_TriggerCmdReqQueue
00116bfc 0000006c T GSPGPU_RegisterInterruptRelayQueue
00116c68 00000034 T GSPGPU_UnregisterInterruptRelayQueue
00116c9c 00000050 T GSPGPU_AcquireRight
00116cec 00000034 T GSPGPU_ReleaseRight
00116d20 00000084 T GSPGPU_ImportDisplayCaptureInfo
00116da4 00000034 T GSPGPU_SaveVramSysArea
00116dd8 00000034 T GSPGPU_RestoreVramSysArea
00116e0c 0000010c T GSPGPU_SubmitGxCommand
00116f18 00000014 T gspLcdInit
00116f2c 00000018 T gspLcdExit
00116f44 00000034 T GSPLCD_PowerOffBacklight
00116f78 00000034 T GSPLCD_PowerOnBacklight
00116fac 00000054 T GX_RequestDma
00117000 00000068 T GX_SetCommandList_Last
00117068 00000074 T GX_SetMemoryFill
001170dc 00000064 T GX_SetDisplayTransfer
00117140 00000068 T GX_SetTextureCopy
001171a8 00000068 T GX_SetCommandList_First
00117210 00000014 T hbInit
00117224 00000010 T hbExit
00117234 00000048 T HB_FlushInvalidateCache
0011727c 00000050 T HB_GetBootloaderAddresses
001172cc 00000050 T HB_ReprotectMemory
0011731c 000000d0 T hidExit
001173ec 00000058 T hidWaitForEvent
00117444 0000003c T hidCheckSectionUpdateTime
00117480 00000248 T hidScanInput
001176c8 00000010 T hidKeysHeld
001176d8 00000010 T hidKeysDown
001176e8 00000010 T hidKeysUp
001176f8 00000018 T hidTouchRead
00117710 00000018 T hidCircleRead
00117728 00000020 T hidAccelRead
00117748 00000020 T hidGyroRead
00117768 00000090 T HIDUSER_GetHandles
001177f8 00000154 T hidInit
0011794c 0000002c T HIDUSER_EnableAccelerometer
00117978 0000002c T HIDUSER_DisableAccelerometer
001179a4 0000002c T HIDUSER_EnableGyroscope
001179d0 0000002c T HIDUSER_DisableGyroscope
001179fc 0000003c T HIDUSER_GetGyroscopeRawToDpsCoefficient
00117a38 00000038 T HIDUSER_GetSoundVolume
00117a70 0000004c T irrstWaitForEvent
00117abc 0000003c T irrstCheckSectionUpdateTime
00117af8 000000b4 T irrstScanInput
00117bac 00000018 T irrstKeysHeld
00117bc4 00000018 T irrstCstickRead
00117bdc 00000050 T IRRST_GetHandles
00117c2c 00000038 T IRRST_Initialize
00117c64 00000100 T irrstInit
00117d64 0000002c T IRRST_Shutdown
00117d90 000000a0 T irrstExit
00117e30 00000014 T ptmInit
00117e44 00000010 T ptmExit
00117e54 00000014 T ptmSysmInit
00117e68 00000010 T ptmSysmExit
00117e78 00000040 T PTMU_GetShellState
00117eb8 00000040 T PTMU_GetBatteryLevel
00117ef8 00000040 T PTMU_GetBatteryChargeState
00117f38 00000040 T PTMU_GetPedometerState
00117f78 00000040 T PTMU_GetTotalStepCount
00117fb8 00000034 T PTMSYSM_ConfigureNew3DSCPU
00117fec 00000204 T accept
001181f0 00000184 T bind
00118374 00000078 T closesocket
001183ec 0000003c T _net_convert_error
00118428 00000168 T fcntl
00118590 00000054 T gethostid
001185e4 000000d4 T inet_ntoa
001186b8 00000010 t soc_open
001186c8 00000030 t soc_read
001186f8 00000030 t soc_write
00118728 00000098 t soc_close
001187c0 00000140 T SOC_Initialize
00118900 00000074 T SOC_Shutdown
00118974 00000100 T listen
00118a74 00000020 T recv
00118a94 00000140 T socuipc_cmd7
00118bd4 00000158 T socuipc_cmd8
00118d2c 0000002c T soc_recvfrom
00118d58 00000098 T recvfrom
00118df0 00000020 T send
00118e10 00000160 T socuipc_cmd9
00118f70 00000164 T socuipc_cmda
001190d4 0000002c T soc_sendto
00119100 00000098 T sendto
00119198 00000128 T socket
001192c0 00000070 T rbtree_find
00119330 00000014 T rbtree_init
00119344 000001e4 t do_insert
00119528 00000008 T rbtree_insert
00119530 00000008 T rbtree_insert_multi
00119538 00000340 T rbtree_remove
00119878 000000ac T rbtree_rotate
00119924 00000138 T decode_utf8
00119a5c 000000e8 T utf16_to_utf8
00119b44 000000b8 T utf8_to_utf16
00119bfc 000000a4 W __system_allocateHeaps
00119ca0 000000f4 T __system_initArgv
00119d94 0000004c W __libctru_init
00119de0 T svcControlMemory
00119e00 T svcQueryMemory
00119e30 T svcExitProcess
00119e38 T svcCreateThread
00119e58 T svcExitThread
00119e60 T svcSleepThread
00119e68 T svcGetThreadPriority
00119e7c T svcSetThreadPriority
00119e84 T svcGetThreadAffinityMask
00119e8c T svcSetThreadAffinityMask
00119e94 T svcGetThreadIdealProcessor
00119ea8 T svcSetThreadIdealProcessor
00119eb0 T svcGetProcessorID
00119eb8 T svcCreateMutex
00119ecc T svcReleaseMutex
00119ed4 T svcCreateSemaphore
00119ee8 T svcReleaseSemaphore
00119efc T svcCreateEvent
00119f10 T svcSignalEvent
00119f18 T svcClearEvent
00119f20 T svcCreateTimer
00119f34 T svcSetTimer
00119f3c T svcCancelTimer
00119f44 T svcClearTimer
00119f4c T svcCreateMemoryBlock
00119f64 T svcMapMemoryBlock
00119f6c T svcUnmapMemoryBlock
00119f74 T svcCreateAddressArbiter
00119f88 T svcArbitrateAddress
00119fa8 T svcCloseHandle
00119fb0 T svcWaitSynchronization
00119fb8 T svcWaitSynchronizationN
00119fe0 T svcDuplicateHandle
00119ff4 T svcGetSystemTick
00119ffc T svcGetSystemInfo
0011a014 T svcGetProcessInfo
0011a02c T svcGetThreadInfo
0011a044 T svcConnectToPort
0011a058 T svcSendSyncRequest
0011a060 T svcOpenProcess
0011a074 T svcOpenThread
0011a088 T svcGetProcessId
0011a09c T svcGetProcessIdOfThread
0011a0b0 T svcGetThreadId
0011a0c4 T svcBreak
0011a0cc T svcOutputDebugString
0011a0d4 T svcCreatePort
0011a0f4 T svcAcceptSession
0011a10c T svcReplyAndReceive
0011a124 T svcInvalidateProcessDataCache
0011a12c T svcFlushProcessDataCache
0011a134 T svcStartInterProcessDma
0011a154 T svcStopDma
0011a15c T svcGetDmaState
0011a170 T svcDebugActiveProcess
0011a184 T svcBreakDebugProcess
0011a18c T svcTerminateDebugProcess
0011a194 T svcGetProcessDebugEvent
0011a19c T svcContinueDebugEvent
0011a1a4 T svcGetProcessList
0011a1c4 T svcReadProcessMemory
0011a1cc T svcWriteProcessMemory
0011a1d4 T svcControlProcessMemory
0011a1ec T svcMapProcessMemory
0011a1f4 T svcUnmapProcessMemory
0011a1fc T svcTerminateProcess
0011a204 T svcBackdoor
0011a20c T svcKernelSetState
0011a214 T svcQueryProcessMemory
0011a240 T initSystem
0011a284 T __ctru_exit
0011a2a4 00000024 t addrMapNodeComparator(rbtree_node const*, rbtree_node const*)
0011a2c8 00000004 t addrMapNodeDestructor(rbtree_node*)
0011a2cc 000000f4 T mappableAlloc
0011a3c0 00000050 T mappableFree
0011a410 0000000c T mappableSpaceFree
0011a41c 00000024 t addrMapNodeComparator(rbtree_node const*, rbtree_node const*)
0011a440 00000004 t addrMapNodeDestructor(rbtree_node*)
0011a444 00000130 T vramMemAlign
0011a574 00000008 T vramAlloc
0011a57c 00000008 T vramRealloc
0011a584 00000050 T vramFree
0011a5d4 0000000c T vramSpaceFree
0011a5e0 0000008c T rbtree_node_next
0011a66c 0000008c T rbtree_node_prev
0011a6f8 00000060 T decode_utf16
0011a758 00000068 T encode_utf16
0011a7c0 00000104 T encode_utf8
0011a8c4 0000001c W __appExit
0011a8e0 0000001c W __appInit
0011a8fc 00000090 W __libctru_exit
0011a98c 00000090 T inflateResetKeep
0011aa1c 0000009c T inflateReset
0011aab8 00000120 T inflateReset2
0011abd8 00000188 T inflateInit2_
0011ad60 00000164 T inflateInit_
0011aec4 00000078 T inflatePrime
0011af3c 00001e9c T inflate
0011cdd8 00000064 T inflateEnd
0011ce3c 00000098 T inflateGetDictionary
0011ced4 000001a8 T inflateSetDictionary
0011d07c 0000003c T inflateGetHeader
0011d0b8 000002b8 T inflateSync
0011d370 00000040 T inflateSyncPoint
0011d3b0 000001ac T inflateCopy
0011d55c 00000030 T inflateUndermine
0011d58c 00000058 T inflateMark
0011d5e4 00000bf4 T inflate_table
0011e1d8 0000000c T zlibVersion
0011e1e4 00000008 T zlibCompileFlags
0011e1ec 00000014 T zError
0011e200 00000008 T zcalloc
0011e208 00000008 T zcfree
0011e210 00000448 T adler32
0011e658 000000bc T adler32_combine
0011e714 000000bc T adler32_combine64
0011e7d0 00000214 t crc32_combine_
0011e9e4 0000000c T get_crc_table
0011e9f0 000003b0 T crc32
0011eda0 00000004 T crc32_combine
0011eda4 00000004 T crc32_combine64
0011eda8 00000be4 T inflate_fast
0011f98c 000001b8 t d_make_comp
0011fb44 0000006c t d_make_name
0011fbb0 00000138 t d_cv_qualifiers
0011fce8 0000005c t d_ref_qualifier
0011fd44 00000230 t d_substitution
0011ff74 000001cc t d_count_templates_scopes
00120140 0000005c t d_append_char
0012019c 00000070 t d_number.isra.0
0012020c 00000060 t d_number_component
0012026c 00000054 t d_compact_number
001202c0 00000080 t d_template_param
00120340 00000034 t d_discriminator
00120374 000000f8 t d_source_name
0012046c 0000009c t d_call_offset
00120508 00000088 t d_lookup_template_argument.isra.6
00120590 0000019c t d_find_pack
0012072c 000000cc t d_growable_string_callback_adapter
001207f8 00000084 t d_append_string
0012087c 000000a0 t d_append_num
0012091c 000025e0 t d_print_comp
00122efc 000006e4 t d_print_mod
001235e0 00000378 t d_print_mod_list
00123958 00000270 t d_print_array_type.isra.10
00123bc8 000002d4 t d_print_function_type.isra.11
00123e9c 00000204 t d_print_cast.isra.12
001240a0 00000090 t d_print_expr_op
00124130 000000f0 t d_print_subexpr
00124220 00000154 t d_expr_primary
00124374 00002150 t d_template_args
001264c4 00000708 t d_exprlist
00126bcc 000025fc t d_vector_type
001291c8 00001720 t d_type
0012a8e8 0000010c t d_parmlist
0012a9f4 00000068 t d_bare_function_type
0012aa5c 00000070 t d_function_type
0012aacc 000001ac t d_operator_name
0012ac78 00000470 t d_unqualified_name
0012b0e8 00000514 t d_name
0012b5fc 0000087c t d_encoding
0012be78 00000600 t d_expression_1
0012c478 00000420 t d_demangle_callback.constprop.16
0012c898 00000150 T __cxa_demangle
0012c9e8 0000002c T __gcclibcxx_demangle_callback
0012ca14 t .udivsi3_skip_div0_test
0012ca14 T __aeabi_uidiv
0012ca14 000001ec T __udivsi3
0012cc00 00000020 T __aeabi_uidivmod
0012cc20 00000004 W __aeabi_idiv0
0012cc20 00000004 W __aeabi_ldiv0
0012cc24 T __aeabi_drsub
0012cc2c 000002b0 T __aeabi_dsub
0012cc2c 000002b0 T __subdf3
0012cc30 000002ac T __adddf3
0012cc30 000002ac T __aeabi_dadd
0012cedc 00000024 T __aeabi_ui2d
0012cedc 00000024 T __floatunsidf
0012cf00 00000028 T __aeabi_i2d
0012cf00 00000028 T __floatsidf
0012cf28 00000040 T __aeabi_f2d
0012cf28 00000040 T __extendsfdf2
0012cf68 00000074 T __aeabi_ul2d
0012cf68 00000074 T __floatundidf
0012cf7c 00000060 T __aeabi_l2d
0012cf7c 00000060 T __floatdidf
0012cfdc 0000019c T __aeabi_frsub
0012cfe4 00000194 T __aeabi_fsub
0012cfe4 00000194 T __subsf3
0012cfe8 00000190 T __addsf3
0012cfe8 00000190 T __aeabi_fadd
0012d178 00000028 T __aeabi_ui2f
0012d178 00000028 T __floatunsisf
0012d180 00000020 T __aeabi_i2f
0012d180 00000020 T __floatsisf
0012d1a0 0000008c T __aeabi_ul2f
0012d1a0 0000008c T __floatundisf
0012d1b0 0000007c T __aeabi_l2f
0012d1b0 0000007c T __floatdisf
0012d22c 0000002c T __aeabi_d2lz
0012d22c 0000002c T __fixdfdi
0012d258 00000048 T __aeabi_d2ulz
0012d258 00000048 T __fixunsdfdi
0012d2a0 00000018 t selfrel_offset31
0012d2b8 000000c0 t search_EIT_table
0012d378 00000040 t __gnu_unwind_get_pr_addr
0012d3b8 00000124 t get_eit_entry
0012d4dc 00000088 t restore_non_core_regs
0012d564 00000014 t _Unwind_decode_typeinfo_ptr.isra.0
0012d578 00000008 t __gnu_unwind_24bit.isra.1
0012d580 00000004 t _Unwind_DebugHook
0012d584 00000068 t unwind_phase2
0012d5ec 00000154 t unwind_phase2_forced
0012d740 00000008 T _Unwind_GetCFA
0012d748 000000a8 T __gnu_Unwind_RaiseException
0012d7f0 00000024 T __gnu_Unwind_ForcedUnwind
0012d814 00000074 T __gnu_Unwind_Resume
0012d888 00000020 T __gnu_Unwind_Resume_or_Rethrow
0012d8a8 00000004 T _Unwind_Complete
0012d8ac 00000018 T _Unwind_DeleteException
0012d8c4 0000005c T _Unwind_VRS_Get
0012d920 0000002c t _Unwind_GetGR
0012d94c 0000005c T _Unwind_VRS_Set
0012d9a8 00000030 t _Unwind_SetGR
0012d9d8 000000c0 T __gnu_Unwind_Backtrace
0012da98 00000444 t __gnu_unwind_pr_common
0012dedc 00000008 T __aeabi_unwind_cpp_pr0
0012dee4 00000008 W __aeabi_unwind_cpp_pr1
0012deec 00000008 W __aeabi_unwind_cpp_pr2
0012def4 0000042c T _Unwind_VRS_Pop
0012e320 00000014 T __restore_core_regs
0012e320 00000014 T restore_core_regs
0012e334 T __gnu_Unwind_Restore_VFP
0012e33c T __gnu_Unwind_Save_VFP
0012e344 T __gnu_Unwind_Restore_VFP_D
0012e34c T __gnu_Unwind_Save_VFP_D
0012e354 T __gnu_Unwind_Restore_VFP_D_16_to_31
0012e35c T __gnu_Unwind_Save_VFP_D_16_to_31
0012e364 T __gnu_Unwind_Restore_WMMXD
0012e3a8 T __gnu_Unwind_Save_WMMXD
0012e3ec T __gnu_Unwind_Restore_WMMXC
0012e400 T __gnu_Unwind_Save_WMMXC
0012e414 00000024 T ___Unwind_RaiseException
0012e414 00000024 T _Unwind_RaiseException
0012e438 00000024 T ___Unwind_Resume
0012e438 00000024 T _Unwind_Resume
0012e45c 00000024 T ___Unwind_Resume_or_Rethrow
0012e45c 00000024 T _Unwind_Resume_or_Rethrow
0012e480 00000024 T ___Unwind_ForcedUnwind
0012e480 00000024 T _Unwind_ForcedUnwind
0012e4a4 00000024 T ___Unwind_Backtrace
0012e4a4 00000024 T _Unwind_Backtrace
0012e4c8 00000060 t next_unwind_byte
0012e528 0000002c t _Unwind_GetGR.constprop.0
0012e554 00000004 t unwind_UCB_from_context
0012e558 000003c0 T __gnu_unwind_execute
0012e918 00000044 T __gnu_unwind_frame
0012e95c 00000010 T _Unwind_GetRegionStart
0012e96c 0000001c T _Unwind_GetLanguageSpecificData
0012e988 00000008 T _Unwind_GetDataRelBase
0012e990 00000008 T _Unwind_GetTextRelBase
0012e9a8 00000390 T strcmp
0012ed40 00000018 T setDefaultDevice
0012ed58 000000ac T FindDevice
0012ee04 0000002c T RemoveDevice
0012ee30 00000094 T AddDevice
0012eec4 00000024 T GetDeviceOpTab
0012eee8 0000007c T _close_r
0012ef64 0000006c T _fstat_r
0012efd0 00000010 T _getpid_r
0012efe0 0000002c T _gettimeofday_r
0012f00c 00000008 T _isatty_r
0012f014 00000010 T _kill_r
0012f024 00000074 T _lseek_r
0012f098 000000c8 T _open_r
0012f160 00000074 T _read_r
0012f1d4 00000070 T _sbrk_r
0012f244 0000006c T _stat_r
0012f2b0 00000074 T _write_r
0012f324 00000020 T _exit
0012f344 000001bc T _concatenate_path
0012f500 00000148 T chdir
0012f648 000000a0 T getcwd
0012f6e8 00000004 T __flockfile
0012f6ec 00000004 T __funlockfile
0012f6f0 00000018 T __libc_lock_init
0012f708 00000018 T __libc_lock_acquire
0012f720 00000024 T __libc_lock_try_acquire
0012f744 00000018 T __libc_lock_release
0012f75c 00000018 T __libc_lock_close
0012f774 00000018 T __libc_lock_init_recursive
0012f78c 00000018 T __libc_lock_acquire_recursive
0012f7a4 00000024 T __libc_lock_try_acquire_recursive
0012f7c8 00000018 T __libc_lock_release_recursive
0012f7e0 00000018 T __libc_lock_close_recursive
0012f7f8 00000044 T __free_handle
0012f83c 0000002c T __release_handle
0012f868 00000068 T __alloc_handle
0012f8d0 0000001c T __get_handle
0012f8ec 0000008c T dup
0012f978 000000d4 T dup2
0012fa4c 0000006c T ftruncate
0012fab8 0000005c t __dirnext
0012fb14 0000004c t __dirreset
0012fb60 000000f0 T opendir
0012fc50 0000008c T closedir
0012fcdc 000000e0 T readdir
0012fdbc 000000cc T readdir_r
0012fe88 00000024 T rewinddir
0012feac 00000090 T seekdir
0012ff3c 00000010 T telldir
0012ff4c 00000028 T __getreent
0012ff74 T __aeabi_idiv
0012ff74 00000220 T __divsi3
0012ff7c t .divsi3_skip_div0_test
00130194 00000020 T __aeabi_idivmod
001301b4 T __aeabi_uldivmod
001301f0 0000003c T __gnu_ldivmod_helper
0013022c 0000003c T __gnu_uldivmod_helper
00130268 00000180 T __divdi3
001303e8 00000124 T __udivdi3
0013050c 00000008 W tinyxml2::XMLVisitor::VisitEnter(tinyxml2::XMLDocument const&)
00130514 00000008 W tinyxml2::XMLVisitor::VisitExit(tinyxml2::XMLDocument const&)
0013051c 00000008 W tinyxml2::XMLVisitor::VisitEnter(tinyxml2::XMLElement const&, tinyxml2::XMLAttribute const*)
00130524 00000008 W tinyxml2::XMLVisitor::VisitExit(tinyxml2::XMLElement const&)
0013052c 00000008 W tinyxml2::XMLVisitor::Visit(tinyxml2::XMLDeclaration const&)
00130534 00000008 W tinyxml2::XMLVisitor::Visit(tinyxml2::XMLText const&)
0013053c 00000008 W tinyxml2::XMLVisitor::Visit(tinyxml2::XMLComment const&)
00130544 00000008 W tinyxml2::XMLVisitor::Visit(tinyxml2::XMLUnknown const&)
0013054c 00000008 W tinyxml2::XMLNode::ToElement()
00130554 00000008 W tinyxml2::XMLNode::ToText()
0013055c 00000008 W tinyxml2::XMLNode::ToComment()
00130564 00000008 W tinyxml2::XMLNode::ToDocument()
0013056c 00000008 W tinyxml2::XMLNode::ToDeclaration()
00130574 00000008 W tinyxml2::XMLNode::ToUnknown()
0013057c 00000008 W tinyxml2::XMLNode::ToElement() const
00130584 00000008 W tinyxml2::XMLNode::ToText() const
0013058c 00000008 W tinyxml2::XMLNode::ToComment() const
00130594 00000008 W tinyxml2::XMLNode::ToDocument() const
0013059c 00000008 W tinyxml2::XMLNode::ToDeclaration() const
001305a4 00000008 W tinyxml2::XMLNode::ToUnknown() const
001305ac 00000004 W tinyxml2::XMLText::ToText()
001305b0 00000004 W tinyxml2::XMLText::ToText() const
001305b4 00000004 W tinyxml2::XMLComment::ToComment()
001305b8 00000004 W tinyxml2::XMLComment::ToComment() const
001305bc 00000004 W tinyxml2::XMLDeclaration::ToDeclaration()
001305c0 00000004 W tinyxml2::XMLDeclaration::ToDeclaration() const
001305c4 00000004 W tinyxml2::XMLUnknown::ToUnknown()
001305c8 00000004 W tinyxml2::XMLUnknown::ToUnknown() const
001305cc 00000004 W tinyxml2::XMLElement::ToElement()
001305d0 00000004 W tinyxml2::XMLElement::ToElement() const
001305d4 00000004 W tinyxml2::XMLDocument::ToDocument()
001305d8 00000004 W tinyxml2::XMLDocument::ToDocument() const
001305dc 00000008 W tinyxml2::XMLDocument::ShallowClone(tinyxml2::XMLDocument*) const
001305e4 00000008 W tinyxml2::XMLDocument::ShallowEqual(tinyxml2::XMLNode const*) const
001305ec 00000008 W tinyxml2::MemPoolT<44>::ItemSize() const
001305f4 00000024 W tinyxml2::MemPoolT<44>::Free(void*)
00130618 00000010 W tinyxml2::MemPoolT<44>::SetTracked()
00130628 00000008 W tinyxml2::MemPoolT<48>::ItemSize() const
00130630 00000024 W tinyxml2::MemPoolT<48>::Free(void*)
00130654 00000010 W tinyxml2::MemPoolT<48>::SetTracked()
00130664 00000008 W tinyxml2::MemPoolT<36>::ItemSize() const
0013066c 00000024 W tinyxml2::MemPoolT<36>::Free(void*)
00130690 00000010 W tinyxml2::MemPoolT<36>::SetTracked()
001306a0 00000008 W tinyxml2::MemPoolT<52>::ItemSize() const
001306a8 00000024 W tinyxml2::MemPoolT<52>::Free(void*)
001306cc 00000010 W tinyxml2::MemPoolT<52>::SetTracked()
001306dc 00000050 W tinyxml2::MemPoolT<52>::Clear()
0013072c 00000050 W tinyxml2::MemPoolT<36>::Clear()
0013077c 00000050 W tinyxml2::MemPoolT<48>::Clear()
001307cc 00000050 W tinyxml2::MemPoolT<44>::Clear()
0013081c 0000011c W tinyxml2::MemPoolT<44>::Alloc()
00130938 00000114 W tinyxml2::MemPoolT<48>::Alloc()
00130a4c 0000011c W tinyxml2::MemPoolT<52>::Alloc()
00130b68 0000011c W tinyxml2::MemPoolT<36>::Alloc()
00130c84 0000007c W tinyxml2::MemPoolT<52>::~MemPoolT()
00130c84 0000007c W tinyxml2::MemPoolT<52>::~MemPoolT()
00130d00 0000007c W tinyxml2::MemPoolT<36>::~MemPoolT()
00130d00 0000007c W tinyxml2::MemPoolT<36>::~MemPoolT()
00130d7c 0000007c W tinyxml2::MemPoolT<48>::~MemPoolT()
00130d7c 0000007c W tinyxml2::MemPoolT<48>::~MemPoolT()
00130df8 0000007c W tinyxml2::MemPoolT<44>::~MemPoolT()
00130df8 0000007c W tinyxml2::MemPoolT<44>::~MemPoolT()
00130e74 00000084 W tinyxml2::MemPoolT<36>::~MemPoolT()
00130ef8 00000084 W tinyxml2::MemPoolT<44>::~MemPoolT()
00130f7c 00000084 W tinyxml2::MemPoolT<52>::~MemPoolT()
00131000 00000084 W tinyxml2::MemPoolT<48>::~MemPoolT()
00131084 00000028 W tinyxml2::XMLAttribute::~XMLAttribute()
00131084 00000028 W tinyxml2::XMLAttribute::~XMLAttribute()
001310ac 00000030 W tinyxml2::XMLAttribute::~XMLAttribute()
001310dc 00000020 W tinyxml2::XMLText::~XMLText()
001310dc 00000020 W tinyxml2::XMLText::~XMLText()
001310fc 00000028 W tinyxml2::XMLText::~XMLText()
00131124 00000018 W KHAX::VersionData::KProcessPointers KHAX::VersionData::MakeKProcessPointers<KHAX::KProcess_1_0_0_Old>(void*)
0013113c 00000018 W KHAX::VersionData::KProcessPointers KHAX::VersionData::MakeKProcessPointers<KHAX::KProcess_8_0_0_Old>(void*)
00131154 00000018 W KHAX::VersionData::KProcessPointers KHAX::VersionData::MakeKProcessPointers<KHAX::KProcess_8_0_0_New>(void*)
0013116c 000001e4 T main
00131350 000000b4 t yy_get_previous_state
00131404 00000028 T std::set_new_handler(void (*)())
0013142c 00000014 T std::get_new_handler()
00131440 00000004 T operator delete[](void*)
00131444 0000001c T operator new[](unsigned int)
00131460 T __cxa_end_cleanup
00131470 0000014c T __cxa_type_match
001315bc 000000b4 T __cxa_begin_cleanup
00131670 000000b4 T __gnu_end_cleanup
00131724 00000004 T std::exception::~exception()
00131724 00000004 T std::exception::~exception()
00131728 00000004 T std::bad_exception::~bad_exception()
00131728 00000004 T std::bad_exception::~bad_exception()
0013172c 0000000c T std::exception::what() const
00131738 0000000c T std::bad_exception::what() const
00131744 00000014 T std::exception::~exception()
00131758 00000014 T std::bad_exception::~bad_exception()
0013176c 00000004 T __cxxabiv1::__forced_unwind::~__forced_unwind()
0013176c 00000004 T __cxxabiv1::__forced_unwind::~__forced_unwind()
00131770 00000014 T __cxxabiv1::__forced_unwind::~__forced_unwind()
00131784 00000004 T __cxxabiv1::__foreign_exception::~__foreign_exception()
00131784 00000004 T __cxxabiv1::__foreign_exception::~__foreign_exception()
00131788 00000014 T __cxxabiv1::__foreign_exception::~__foreign_exception()
0013179c 00000020 T __cxxabiv1::__si_class_type_info::~__si_class_type_info()
0013179c 00000020 T __cxxabiv1::__si_class_type_info::~__si_class_type_info()
001317bc 00000028 T __cxxabiv1::__si_class_type_info::~__si_class_type_info()
001317e4 00000068 T __cxxabiv1::__si_class_type_info::__do_find_public_src(int, void const*, __cxxabiv1::__class_type_info const*, void const*) const
0013184c 000000d8 T __cxxabiv1::__si_class_type_info::__do_dyncast(int, __cxxabiv1::__class_type_info::__sub_kind, __cxxabiv1::__class_type_info const*, void const*, __cxxabiv1::__class_type_info const*, void const*, __cxxabiv1::__class_type_info::__dyncast_result&) const
00131924 00000040 T __cxxabiv1::__si_class_type_info::__do_upcast(__cxxabiv1::__class_type_info const*, void const*, __cxxabiv1::__class_type_info::__upcast_result&) const
00131964 00000070 t __cxxabiv1::__is_gxx_exception_class(char*)
001319d4 0000002c T __cxa_call_terminate
00131a00 00000134 T __cxa_call_unexpected
00131b34 0000000c T __cxa_get_globals_fast
00131b40 0000000c T __cxa_get_globals
00131b4c 00000008 T __cxa_get_exception_ptr
00131b54 000000e0 T __cxa_begin_catch
00131c34 000000d8 T __cxa_end_catch
00131d0c 00000018 T std::uncaught_exception()
00131d24 00000004 T std::type_info::~type_info()
00131d24 00000004 T std::type_info::~type_info()
00131d28 00000008 T std::type_info::__is_pointer_p() const
00131d30 00000008 T std::type_info::__is_function_p() const
00131d38 00000008 T std::type_info::__do_upcast(__cxxabiv1::__class_type_info const*, void**) const
00131d40 00000014 T std::type_info::~type_info()
00131d54 0000004c T std::type_info::operator==(std::type_info const&) const
00131da0 00000004 T std::type_info::__do_catch(std::type_info const*, void**, unsigned int) const
00131da4 0000001c T __cxa_pure_virtual
00131dc0 0000001c T __cxa_deleted_virtual
00131ddc 00000040 t read_sleb128(unsigned char const*, long*)
00131e1c 000001a4 t read_encoded_value_with_base(unsigned char, unsigned int, unsigned char const*, unsigned int*)
00131fc0 0000007c t base_of_encoded_value(unsigned char, _Unwind_Context*)
0013203c 000000e0 t parse_lsda_header(_Unwind_Context*, unsigned char const*, lsda_header_info*)
0013211c 00000630 T __gxx_personality_v0
0013274c 00000004 T operator delete(void*)
00132750 0000006c T operator new(unsigned int)
001327bc 00000004 T operator new[](unsigned int, std::nothrow_t const&)
001327c0 00000084 T __cxa_allocate_exception
00132844 00000054 T __cxa_free_exception
00132898 0000007c T __cxa_allocate_dependent_exception
00132914 00000060 T __cxa_free_dependent_exception
00132974 0000005c T __cxxabiv1::__class_type_info::__do_upcast(__cxxabiv1::__class_type_info const*, void**) const
001329d0 00000014 T __cxxabiv1::__class_type_info::__do_find_public_src(int, void const*, __cxxabiv1::__class_type_info const*, void const*) const
001329e4 00000020 T __cxxabiv1::__class_type_info::~__class_type_info()
001329e4 00000020 T __cxxabiv1::__class_type_info::~__class_type_info()
00132a04 00000028 T __cxxabiv1::__class_type_info::~__class_type_info()
00132a2c 0000002c T __cxxabiv1::__class_type_info::__do_upcast(__cxxabiv1::__class_type_info const*, void const*, __cxxabiv1::__class_type_info::__upcast_result&) const
00132a58 00000044 T __cxxabiv1::__class_type_info::__do_catch(std::type_info const*, void**, unsigned int) const
00132a9c 00000078 T __cxxabiv1::__class_type_info::__do_dyncast(int, __cxxabiv1::__class_type_info::__sub_kind, __cxxabiv1::__class_type_info const*, void const*, __cxxabiv1::__class_type_info const*, void const*, __cxxabiv1::__class_type_info::__dyncast_result&) const
00132b14 00000034 T __cxxabiv1::__terminate(void (*)())
00132b48 00000018 T std::terminate()
00132b60 0000000c T __cxxabiv1::__unexpected(void (*)())
00132b6c 00000018 T std::unexpected()
00132b84 00000028 T std::set_terminate(void (*)())
00132bac 00000014 T std::get_terminate()
00132bc0 00000028 T std::set_unexpected(void (*)())
00132be8 00000014 T std::get_unexpected()
00132bfc 0000000c T std::bad_alloc::what() const
00132c08 00000020 T std::bad_alloc::~bad_alloc()
00132c08 00000020 T std::bad_alloc::~bad_alloc()
00132c28 00000028 T std::bad_alloc::~bad_alloc()
00132c50 00000060 t __gxx_exception_cleanup(_Unwind_Reason_Code, _Unwind_Control_Block*)
00132cb0 0000009c T __cxa_throw
00132d4c 000000b0 T __cxa_rethrow
00132dfc 00000060 T operator new(unsigned int, std::nothrow_t const&)
00132e5c 000001ac T __gnu_cxx::__verbose_terminate_handler()
00133008 0000002c T __cxa_current_exception_type
00133034 00000014 T abort
00133048 00000008 T atof
00133050 0000000c T atoi
0013305c 0000000c T _atoi_r
00133068 0000000c T atoll
00133074 0000000c T _atoll_r
00133080 00000078 T bsearch
001330f8 00000020 T calloc
00133118 00000094 T _calloc_r
001331ac 00000018 T __set_ctype
001331c4 0000000c T __errno
001331d0 00000034 T exit
00133204 00000118 T _fclose_r
0013331c 00000018 T fclose
00133334 00000088 T ferror
001333bc 00000238 T __sflush_r
001335f4 00000098 T _fflush_r
0013368c 00000038 T fflush
001336c4 000000b0 T _fgetc_r
00133774 000000b4 T fgetc
00133828 000000a4 T fileno
001338cc 0000000c T _cleanup_r
001338d8 0000001c t __fp_lock
001338f4 0000001c t __fp_unlock
00133910 0000015c t __sinit.part.1
00133a6c 00000048 T __sfmoreglue
00133ab4 000000e8 T __sfp
00133b9c 00000018 T _cleanup
00133bb4 00000010 T __sinit
00133bc4 00000004 T __sfp_lock_acquire
00133bc8 00000004 T __sfp_lock_release
00133bcc 00000004 T __sinit_lock_acquire
00133bd0 00000004 T __sinit_lock_release
00133bd4 00000018 T __fp_lock_all
00133bec 00000018 T __fp_unlock_all
00133c04 00000040 T __libc_fini_array
00133c44 00000130 T _fopen_r
00133d74 00000020 T fopen
00133d94 00000030 T _fprintf_r
00133dc4 0000003c T fprintf
00133e00 000000a4 T _fputc_r
00133ea4 00000094 T fputc
00133f38 000000e8 T _fputs_r
00134020 00000020 T fputs
00134040 000002f0 T _fread_r
00134330 00000038 T fread
00134368 000000f8 T _malloc_trim_r
00134460 000002b4 T _free_r
00134714 00000004 T _fseek_r
00134718 00000028 T fseek
00134740 000004f8 T _fseeko_r
00134c38 00000028 T fseeko
00134c60 00000004 T _ftell_r
00134c64 00000018 T ftell
00134c7c 00000164 T _ftello_r
00134de0 00000018 T ftello
00134df8 000004c4 T __sfvwrite_r
001352bc 00000078 T _fwalk
00135334 00000080 T _fwalk_reent
001353b4 0000011c T _fwrite_r
001354d0 00000038 T fwrite
00135508 00000078 T __libc_init_array
00135580 0000001c T isalpha
0013559c 0000001c T isspace
001355b8 00000160 T __smakebuf_r
00135718 00000020 T memalign
00135738 00000160 T _memalign_r
00135898 00000018 T malloc
001358b0 00000018 T free
001358c8 00000740 T _malloc_r
00136008 00000120 T memchr
00136128 000000a8 T memcmp
001361d0 000000f4 T memcpy
001362c4 0000012c T memmove
001363f0 000000f0 T memset
001364e0 00000004 T __malloc_lock
001364e4 00000004 T __malloc_unlock
001364e8 00000034 T _printf_r
0013651c 00000038 T printf
00136554 00000008 T _putchar_r
0013655c 0000001c T putchar
00136578 000000f8 T _putc_r
00136670 000000fc T putc
0013676c 000000ec T _puts_r
00136858 00000018 T puts
00136870 000008a4 T qsort
00137114 0000001c T srand
00137130 00000044 T rand
00137174 00000020 T realloc
00137194 00000564 T _realloc_r
001376f8 0000001c t lflush
00137714 000001d8 T __srefill_r
001378ec 00000024 T _rewind_r
00137910 0000002c T rewind
0013793c 00000050 T __srget_r
0013798c 00000018 T __srget
001379a4 000001e8 T setvbuf
00137b8c 00000060 T _init_signal_r
00137bec 0000005c T _signal_r
00137c48 00000098 T _raise_r
00137ce0 00000094 T __sigtramp_r
00137d74 00000018 T raise
00137d8c 00000020 T signal
00137dac 00000010 T _init_signal
00137dbc 00000018 T __sigtramp
00137dd4 00000068 T _siprintf_r
00137e3c 00000068 T siprintf
00137ea4 000000d8 T _snprintf_r
00137f7c 000000e0 T snprintf
0013805c 00000068 T _sprintf_r
001380c4 00000068 T sprintf
0013812c 00000074 T sscanf
001381a0 00000080 T _sscanf_r
00138220 00000030 T __sread
00138250 00000008 T __seofread
00138258 00000054 T __swrite
001382ac 0000002c T __sseek
001382d8 00000008 T __sclose
001382e0 00000068 T strcasecmp
00138348 00000080 T strcat
001383c8 0000016c T strchr
00138534 000000f0 T strcpy
00138624 00000018 T strdup
0013863c 00000040 T _strdup_r
0013867c 0000005c T strlen
001386d8 000000a4 T strncat
0013877c 00000110 T strncmp
0013888c 000000e0 T strncpy
0013896c 00000044 T strrchr
001389b0 00000058 t sulp
00138a08 000013e8 T _strtod_r
00139df0 00000020 T strtod
00139e10 00000048 T strtof
00139e58 00000028 T strtoll
00139e80 000002a0 T _strtoll_r
0013a120 000001dc T _strtol_r
0013a2fc 00000028 T strtol
0013a324 00000028 T strtoull
0013a34c 00000260 T _strtoull_r
0013a5ac 000001cc T _strtoul_r
0013a778 00000028 T strtoul
0013a7a0 00000860 t get_arg
0013b000 000001a8 T __ssprint_r
0013b1a8 00002fdc T _svfiprintf_r
0013e184 00000860 t get_arg
0013e9e8 00004320 T _svfprintf_r
00142d08 00002aec T __ssvfscanf_r
001457f4 00000018 T close
0014580c 00000020 T fstat
0014582c 00000040 T open
0014586c 00000020 T stat
0014588c 00000028 T write
001458b4 00000040 T time
001458f4 00000860 t get_arg
00146158 00004404 T _vfprintf_r
0014a560 00000028 T vfprintf
0014a588 000000a8 t __sbprintf
0014a630 0000004c T _vsprintf_r
0014a67c 00000028 T vsprintf
0014a6a4 00000124 T __swbuf_r
0014a7c8 00000020 T __swbuf
0014a7e8 0000008c T _wcrtomb_r
0014a874 00000094 T wcrtomb
0014a908 00000020 T _wcsrtombs_r
0014a928 0000003c T wcsrtombs
0014a964 00000114 T __utf8_wctomb
0014aa78 00000048 T _wctomb_r
0014aac0 00000028 T __ascii_wctomb
0014aae8 00000084 T __sjis_wctomb
0014ab6c 000000c8 T __eucjp_wctomb
0014ac34 000000d4 T __jis_wctomb
0014ad08 0000014c T __swsetup_r
0014ae54 0000015c T __call_exitprocs
0014afb0 000001c0 t quorem
0014b170 000012dc T _dtoa_r
0014c450 000000b0 T __sflags
0014c500 000000ec t rshift
0014c5ec 000007e8 T __gethex
0014cdd4 00000260 T __hexnan
0014d034 00000074 T iswspace
0014d0a8 00000204 t __jp2uc
0014d2ac 00000084 T _jp2uc
0014d330 0000008c t __get_locale_env
0014d3bc 000008a4 t loadlocale
0014dc60 00000088 t currentlocale
0014dce8 00000300 T _setlocale_r
0014dfe8 0000000c T __locale_charset
0014dff4 00000010 T __locale_mb_cur_max
0014e004 0000000c T __locale_msgcharset
0014e010 00000010 T __locale_cjk_lang
0014e020 0000000c T _localeconv_r
0014e02c 00000020 T setlocale
0014e04c 00000014 T localeconv
0014e060 00000098 T _mbrtowc_r
0014e0f8 0000009c T mbrtowc
0014e194 000002fc T __utf8_mbtowc
0014e490 0000004c T _mbtowc_r
0014e4dc 0000004c T __ascii_mbtowc
0014e528 000000d4 T __sjis_mbtowc
0014e5fc 00000140 T __eucjp_mbtowc
0014e73c 000001a8 T __jis_mbtowc
0014e8e4 0000008c T _Balloc
0014e970 0000001c T _Bfree
0014e98c 000000d0 T __multadd
0014ea5c 000000e4 T __s2b
0014eb40 0000005c T __hi0bits
0014eb9c 00000098 T __lo0bits
0014ec34 00000020 T __i2b
0014ec54 000001dc T __multiply
0014ee30 00000100 T __pow5mult
0014ef30 000000f4 T __lshift
0014f024 00000064 T __mcmp
0014f088 0000013c T __mdiff
0014f1c4 00000074 T __ulp
0014f238 000000e4 T __b2d
0014f31c 00000104 T __d2b
0014f420 0000007c T __ratio
0014f4a0 00000044 T _mprec_log10
0014f4e8 0000006c T __copybits
0014f554 00000080 T __any_on
0014f5d4 000000d8 T __sccl
0014f6ac 0000000c T nanf
0014f6b8 00000074 T __fpclassifyd
0014f730 00000094 T frexp
0014f7c8 00000108 T stpncpy
0014f8d0 00000048 T strlcpy
0014f918 0000008c T strncasecmp
0014f9a4 000000f0 T _sungetc_r
0014fa94 0000006c T __ssrefill_r
0014fb00 000000c0 T _sfread_r
0014fbc0 0000213c T __ssvfiscanf_r
00151cfc 000000a8 T __submore
00151da4 00000238 T _ungetc_r
00151fdc 00000020 T ungetc
00151ffc 00000860 t get_arg
0015285c 000000a4 t __sprint_r.part.0
00152900 0000001c T __sprint_r
0015291c 00003114 T _vfiprintf_r
00155a30 00000028 T vfiprintf
00155a58 000000a8 t __sbprintf
00155b00 00000184 T _wcsnrtombs_r
00155c84 00000040 T wcsnrtombs
00155cc4 00000124 T __fputwc
00155de8 000000a8 T _fputwc_r
00155e90 0000003c T fputwc
00155ecc 000000c8 T _findenv_r
00155f94 00000018 T _getenv_r
00155fac 00000004 T __env_lock
00155fb0 00000004 T __env_unlock
00155fb4 0000005c T strnlen
00156010 T _fini
00157000 R font_bin
0015f000 R font_bin_end
0015f000 R font_bin_size
0015f024 0000003c r tinyxml2::entities
0015f060 00000050 R vtable for tinyxml2::XMLDeclaration
0015f0b0 00000050 R vtable for tinyxml2::XMLComment
0015f100 00000050 R vtable for tinyxml2::XMLText
0015f150 00000050 R vtable for tinyxml2::XMLUnknown
0015f1a0 00000050 R vtable for tinyxml2::XMLElement
0015f1f0 00000050 R vtable for tinyxml2::XMLNode
0015f240 00000050 R vtable for tinyxml2::XMLDocument
0015f290 00000011 r KHAX::MemChunkHax::Step6e_GrantSVCAccess()::s_fullAccessACL
0015f2a4 00000160 R KHAX::VersionData::s_versionTable
0015f418 000001e4 r supported_systems
0015f5fc 00000400 r yy_ec
0015f9fc 000000ce r yy_accept
0015facc 000000e2 r yy_def
0015fbb0 000000c4 r yy_meta
0015fc74 000000e2 r yy_base
0015fd58 000001fa r yy_chk
0015ff54 000001fa r yy_nxt
00160150 000000ac r yy_rule_can_match_eol
001601fc 0000002f r yypact
0016022c 00000116 r yytranslate
00160344 00000024 r yycheck
00160368 00000024 r yytable
0016038c 0000002f r yydefact
001603bc 00000028 r yyr2
001603e4 00000028 r yyr1
0016040c 00000014 r yypgoto
00160420 00000014 r yydefgoto
00160434 00000014 r CSWTCH.20
00160448 0000002c r CSWTCH.14
00160474 00000030 r error_table
001604a4 0000000c r __apt_servicenames
001604b0 0000004d r _net_error_code_map
00160500 00000800 r lenfix.5550
00160d00 00000080 r distfix.5551
00160d80 00000026 r order.5579
00160da8 00000040 r dext.5465
00160de8 00000040 r dbase.5464
00160e28 0000003e r lext.5463
00160e68 0000003e r lbase.5462
00160ea8 0000002f R inflate_copyright
00160ed8 00000028 R z_errmsg
00160f00 00002000 r crc_table
00162f00 000000c4 r standard_subs
00162fc4 00000294 r cplus_demangle_builtin_types
00163258 000003e0 r cplus_demangle_operators
00163638 00000068 R dotab_stdnull
001636a0 00000003 R DIRECTORY_PARENT
001636a4 00000002 R DIRECTORY_THIS
001636a8 00000002 R DIRECTORY_SEPARATOR
00163700 00000010 V vtable for tinyxml2::XMLAttribute
00163710 00000024 V vtable for tinyxml2::MemPoolT<52>
00163738 00000024 V vtable for tinyxml2::MemPoolT<36>
00163760 00000024 V vtable for tinyxml2::MemPoolT<48>
00163788 00000024 V vtable for tinyxml2::MemPoolT<44>
001637e0 r .LC11
001637f4 r .LC15
001637fc r .LC16
00163808 r .LC17
00164b70 00000001 R std::nothrow
00164b78 00000014 R vtable for __cxxabiv1::__forced_unwind
00164b90 00000014 R vtable for __cxxabiv1::__foreign_exception
00164ba8 00000020 R typeinfo name for __cxxabiv1::__forced_unwind
00164bc8 00000008 R typeinfo for __cxxabiv1::__forced_unwind
00164bd0 00000008 R typeinfo for std::exception
00164bd8 00000024 R typeinfo name for __cxxabiv1::__foreign_exception
00164c20 00000008 R typeinfo for __cxxabiv1::__foreign_exception
00164c28 00000014 R vtable for std::exception
00164c40 00000014 R vtable for std::bad_exception
00164c58 0000000d R typeinfo name for std::exception
00164c68 00000012 R typeinfo name for std::bad_exception
00164c7c 0000000c R typeinfo for std::bad_exception
00164c88 0000002c R vtable for __cxxabiv1::__si_class_type_info
00164cb8 0000000c R typeinfo for __cxxabiv1::__si_class_type_info
00164cc4 00000025 R typeinfo name for __cxxabiv1::__si_class_type_info
00164cec 00000008 R typeinfo for std::type_info
00164cf4 0000000d R typeinfo name for std::type_info
00164d08 00000020 R vtable for std::type_info
00164d68 0000002c R vtable for __cxxabiv1::__class_type_info
00164d98 0000000c R typeinfo for __cxxabiv1::__class_type_info
00164da4 00000022 R typeinfo name for __cxxabiv1::__class_type_info
00164dc8 00000014 R vtable for std::bad_alloc
00164de0 0000000c R typeinfo for std::bad_alloc
00164dfc 0000000d R typeinfo name for std::bad_alloc
00164ed4 r .LC5
00164ff4 r .LC23
00165024 r .LC26
0016504c r .LC30
00165064 r .LC33
001650a4 r .LC48
001650b8 r .LC51
001650c0 r .LC52
001650e0 r .LC53
00165130 r .LC59
0016513c r .LC60
00165148 r .LC61
00165160 r .LC64
00165170 r .LC66
00165648 00000101 R _ctype_
00165750 00000004 R _global_impure_ptr
00165754 00000014 r fpinan.5303
00165778 00000028 r tinytens
001657a0 00000014 r fpi.5267
001657b4 0000006c R __state_table
00165820 00000010 r blanks.7015
00165830 00000100 R __chclass
00165960 0000006c R __action_table
001659cc 00000010 r zeroes.7016
001659dc 00000010 r zeroes.7037
001659fc r .LC2
00165a00 00000010 r blanks.7036
00165a18 00000022 r basefix.6958
00165a3c 00000010 r zeroes.7052
00165a4c 00000010 r blanks.7051
00165a6c 00000100 R __hexdig
00165b6c 000000bc r a1
00165c28 000000bc r a2
00165ce4 0000005b r a3
00165d40 00000070 r a6
00165db0 000000a2 r a7
00165e54 00000040 r a8
00165ea8 0000172a r b02cf
001675d4 00001a7c r d02f4
0016915c 0000001c r categories
00169178 00000048 r JIS_state_table
001691c0 00000048 r JIS_action_table
00169208 0000000c r p05.5298
00169218 000000c8 R __mprec_tens
001692e0 00000028 R __mprec_bigtens
00169308 00000028 R __mprec_tinytens
00169330 00000022 r basefix.6409
00169354 00000010 r zeroes.7030
00169364 00000010 r blanks.7029
001694c4 R __exidx_start
0016960c R __exidx_end
0016a000 D __dso_handle
0016a004 00000050 D tinyxml2::XMLDocument::_errorNames
0016a054 00000004 D targetProcessId
0016a058 00000004 D callBootloader_2x
0016a05c 00000004 D callBootloaderRunTitle_2x
0016a060 00000004 D callBootloaderNewProcess_2x
0016a064 00000004 D getBestProcess_2x
0016a068 0000000c D fontSelected
0016a074 0000000c D fontTitle
0016a080 0000000c D fontDefault
0016a08c 00002f1a D font1Data
0016cfa8 00002400 D font1Desc
0016f3a8 000018e2 D font2Data
00170c8c 00002400 D font2Desc
0017308c 00000001 D timer
00173090 00000a00 d menu_item
00173a90 00000004 d netloader_listenfd
00173a94 00000004 d netloader_datafd
00173a98 00000004 d netloader_udpfd
00173a9c 00000014 D servicesThatMatter
00173ab0 00000004 D font
00173ab4 00000001 d topFormat
00173ab5 00000001 d botFormat
00173ab8 00000008 d doubleBuf
00173ac0 00001001 d __cwd
00174ac4 00000018 d sdmcArchive
00174adc 00000068 d sdmc_devoptab
00174b44 00000068 d soc_devoptab
00174bac W __stacksize__
00174bb0 00000004 d defaultDevice
00174bb4 00000040 D devoptab_list
00174bf4 00001000 d _current_working_directory
00175bf4 0000000c d __stdin_handle
00175c00 0000000c d __stdout_handle
00175c0c 0000000c d __stderr_handle
00175c18 00001000 d handles
00176c18 00000004 D __cxxabiv1::__unexpected_handler
00176c1c 00000004 D __cxxabiv1::__terminate_handler
00176c20 00000004 D __ctype_ptr__
00176c28 00000428 d impure_data
00177050 00000004 D _impure_ptr
00177054 00000408 D __malloc_av_
0017745c 00000004 D __malloc_trim_threshold
00177460 00000004 D __malloc_sbrk_base
00177464 00000004 D __wctomb
00177468 00000020 d lc_message_charset
00177488 00000038 d lconv
001774c0 000000e0 d current_categories
001775a0 00000020 d lc_ctype_charset
001775c0 00000020 D __default_locale
001775e0 00000004 D __mb_cur_max
001775e4 00000004 D __mbtowc
001775e8 00000004 D environ
001775ec d __EH_FRAME_BEGIN__
0017765c d __FRAME_END__
00177660 d __JCR_END__
00177660 d __JCR_LIST__
00177664 t __frame_dummy_init_array_entry
00177664 T __init_array_start
00177664 T __preinit_array_end
00177664 T __preinit_array_start
00177664 D __TMC_END__
00177664 d __TMC_LIST__
00177668 t __do_global_dtors_aux_fini_array_entry
00177668 T __fini_array_start
00177668 T __init_array_end
0017766c T __bss_start__
0017766c T __fini_array_end
0017766c b completed.8113
00177670 b object.8118
00177688 00000004 B KHAX::MemChunkHax::s_instance
0017768c 00000001 B KHAX::inited
00177690 00000004 b hbFileHandle
00177694 00000800 b argbuffer
00177e94 00000004 b argbuffer_length
00177e98 00000004 B setting_root
00177e9c 00000004 B setting_boot
00177ea0 00000004 B setting_entries
00177ea4 00000080 b xmlPath.8708
00177f24 00000004 b menu_index
00177f28 00000400 b errbuf
00178328 00000004 b SOC_buffer
0017832c 00000004 B netloadedPath
00178330 00000100 b progress
00178430 00000004 B netloaded_cmdlen
00178434 00000004 B netloaded_commandline
00178438 00000001 B netloader_boot
0017843c 00000004 b t_start.9309
00178440 00000004 b t_end.9310
00178444 00000004 b t_elapsed.9311
00178448 00001010 b buffer.8265
00179458 00000200 b tmp.8296
00179658 00000004 b g_ext_arm9_buf
0017965c 0000002c b g_expdata
00179688 0000000c b g_arm11shared
00179694 00000004 b g_ext_arm9_size
00179698 00000004 b g_ext_arm9_loaded
0017969c 00000008 b sLinearPool
001796a4 0000000c b sAddrMap
001796b0 00000001 b enable3d
001796b4 00000004 B screenFree
001796b8 00000002 b currentBuffer
001796bc 00000001 V __ctru_speedup
001796c0 00002000 b tmp_buffer.5994
0017b6c0 00001001 b __fixedpath
0017c6c4 00002002 b __utf16path
0017e6c8 00002002 b __utf16path_old.6065
001806ca 00000001 b sdmcInitialised
001806cc 00000004 b g_srv_handle
001806d0 00000004 b acHandle
001806d4 00000004 b amHandle
001806d8 00000004 b __apt_servicestr
001806dc 00000004 B aptStatusEvent
001806e0 0000000c b aptFirstHook
001806ec 00000001 B aptStatus
001806f0 00000004 B aptStatusPower
001806f4 00000004 B aptSleepSync
001806f8 00000001 b aptInitialised
001806fa 00000002 b __apt_launchapplet_appID
001806fc 00000020 b __ns_capinfo
0018071c 00000001 B aptStatusBeforeSleep
00180720 00000004 b __apt_launchapplet_parambuf
00180724 00000004 b __apt_launchapplet_parambufsize
00180728 00000004 b __apt_new3dsflag_initialized
0018072c 00000001 b __apt_new3dsflag
00180730 00000004 b __apt_launchapplet_inhandle
00180734 00000001 b fsInitialised
00180738 00000004 b fsuHandle
0018073c 00000004 b gspEvent
00180740 00000004 b gspEventData
00180744 00000004 B gspGpuHandle
00180748 00000004 B gspLcdHandle
0018074c 00000004 b hbHandle
00180750 00000001 b hidInitialised
00180754 00000004 b kOld
00180758 00000004 b kHeld
0018075c 00000004 b cPos
00180760 00000004 b tPos
00180764 00000006 b aVec
0018076c 00000006 b gRate
00180774 00000004 b kDown
00180778 00000004 b kUp
0018077c 00000001 b irrstUsed
00180780 00000004 b kHeld
00180784 00000004 b csPos
00180788 00000004 b ptmHandle
0018078c 00000004 b ptmSysmHandle
00180790 00000004 B h_errno
00180794 00000004 B socMemhandle
00180798 00000004 B SOCU_handle
0018079c 00000010 b buffer
001807ac b saved_stack
001807b4 00000008 b sMappablePool
001807bc 0000000c b sAddrMap
001807c8 00000008 b sVramPool
001807d0 0000000c b sAddrMap
001807dc 00000004 b heap_start.5558
001807e0 00000004 B fake_heap_start
001807e4 00000004 B fake_heap_end
001807e8 00001000 b temp_cwd
001817e8 00000040 B __syscalls
00181828 00000004 b (anonymous namespace)::__new_handler
0018182c 0000000c b eh_globals
00181838 00000004 b dependents_used
00181840 000001e0 b dependents_buffer
00181a20 00000004 b emergency_used
00181a28 00000800 b emergency_buffer
00182228 00000001 b __gnu_cxx::__verbose_terminate_handler()::terminating
0018222c 00000004 B __malloc_max_total_mem
00182230 00000004 B __malloc_max_sbrked_mem
00182234 00000004 B __malloc_top_pad
00182238 00000028 B __malloc_current_mallinfo
00182260 00000004 B _PathLocale
00182264 00000004 B __nlocale_changed
00182268 00000004 B __mlocale_changed
0018226c 00000004 b lc_ctype_cjk_lang
00182270 000000e0 b new_categories
00182350 000000e7 b current_locale_string
00182438 000000e0 b saved_categories
00182518 00000004 b initial_env
00182520 00000018 B target_title
00182538 00000004 B callBootloader_1x
0018253c 00000004 B setArgs_1x
00182540 0000002c B cfg
0018256c 00000004 B config
00182570 00000200 B boot_app
00182770 00000001 B boot_app_enabled
00182774 00004000 B in
00186774 00004000 B out
0018a774 00000004 B picker
0018a778 00000018 B sdmcArchive
0018a790 0000001c B bottomFramebufferInfo
0018a7ac 0000001c B topFramebufferInfo
0018a7c8 00000008 B gfxBottomFramebuffers
0018a7d0 00000004 B gspSharedMemHandle
0018a7d4 00000004 B gspEvent
0018a7d8 00000008 B gfxTopLeftFramebuffers
0018a7e0 00000008 B gfxTopRightFramebuffers
0018a7e8 00000001 B gfxThreadID
0018a7ec 00000004 B gfxSharedMemory
0018a7f0 00000004 B aptEventHandlerThread
0018a7f4 00001000 B aptParameters
0018b7f8 00001000 B aptEventHandlerStack
0018c7f8 00000004 B aptuHandle
0018c7fc 0000000c B aptEvents
0018c808 00000004 B aptStatusMutex
0018c80c 00000004 B aptLockHandle
0018c810 00000002 B currentAppId
0018c818 00001000 B gspEventStack
0018d818 00000004 B gspEventThread
0018d81c 0000001c B gspEventCounts
0018d838 0000001c B gspEvents
0018d854 00000001 B gspRunEvents
0018d858 00000004 B gxCmdBuf
0018d85c 00000004 B hidMemHandle
0018d860 00000004 B hidHandle
0018d864 00000004 B hidSharedMem
0018d868 00000014 B hidEvents
0018d87c 00000004 B irrstHandle
0018d880 00000004 B irrstEvent
0018d884 00000004 B irrstMemHandle
0018d888 00000004 B irrstSharedMem
0018d88c 00000004 B __heapBase
0018d890 00000004 B __linear_heap
0018d894 00000004 B __system_argv
0018d898 00000004 B __system_argc
0018d89c 00000004 B __system_retAddr
0018d8a0 B __bss_end__
0018d8a0 A __end__
